<?xml version="1.0" encoding="UTF-8"?>
<!-- Generated by org.testng.reporters.JUnitReportReporter -->
<testsuite hostname="22-ZEE-LAP070" failures="0" tests="2" name="com.WNS_Project.testCases.TC_07_Solutionwhitelist" time="1.511" errors="1" timestamp="13 Nov 2024 12:20:20 GMT" skipped="1">
  <testcase classname="com.WNS_Project.testCases.TC_07_Solutionwhitelist" name="Solutionwhitelist" time="0.000">
    <skipped/>
  </testcase> <!-- Solutionwhitelist -->
  <testcase classname="com.WNS_Project.testCases.TC_07_Solutionwhitelist" name="setup" time="1.511">
    <error message="session not created: This version of ChromeDriver only supports Chrome version 129
Current browser version is 131.0.6778.70 with binary path C:\Program Files\Google\Chrome\Application\chrome.exe
Build info: version: &#039;3.141.59&#039;, revision: &#039;e82be7d358&#039;, time: &#039;2018-11-14T08:17:03&#039;
System info: host: &#039;22-ZEE-LAP070&#039;, ip: &#039;192.168.29.41&#039;, os.name: &#039;Windows 11&#039;, os.arch: &#039;amd64&#039;, os.version: &#039;10.0&#039;, java.version: &#039;17.0.10&#039;
Driver info: driver.version: ChromeDriver
remote stacktrace: 	GetHandleVerifier [0x00007FF63126B095+29557]
	(No symbol) [0x00007FF6311DFA50]
	(No symbol) [0x00007FF63109B56A]
	(No symbol) [0x00007FF6310DDDF7]
	(No symbol) [0x00007FF6310DCE8B]
	(No symbol) [0x00007FF6310D79AE]
	(No symbol) [0x00007FF6310D251E]
	(No symbol) [0x00007FF631122F90]
	(No symbol) [0x00007FF631122620]
	(No symbol) [0x00007FF631116F33]
	(No symbol) [0x00007FF6310E116F]
	(No symbol) [0x00007FF6310E22D1]
	GetHandleVerifier [0x00007FF63159C96D+3378253]
	GetHandleVerifier [0x00007FF6315E8497+3688311]
	GetHandleVerifier [0x00007FF6315DD1CB+3642539]
	GetHandleVerifier [0x00007FF63132A6B6+813462]
	(No symbol) [0x00007FF6311EAB5F]
	(No symbol) [0x00007FF6311E6B74]
	(No symbol) [0x00007FF6311E6D10]
	(No symbol) [0x00007FF6311D5C1F]
	BaseThreadInitThunk [0x00007FF964EA257D+29]
	RtlUserThreadStart [0x00007FF96666AA58+40]
" type="org.openqa.selenium.SessionNotCreatedException">
      <![CDATA[org.openqa.selenium.SessionNotCreatedException: session not created: This version of ChromeDriver only supports Chrome version 129
Current browser version is 131.0.6778.70 with binary path C:\Program Files\Google\Chrome\Application\chrome.exe
Build info: version: '3.141.59', revision: 'e82be7d358', time: '2018-11-14T08:17:03'
System info: host: '22-ZEE-LAP070', ip: '192.168.29.41', os.name: 'Windows 11', os.arch: 'amd64', os.version: '10.0', java.version: '17.0.10'
Driver info: driver.version: ChromeDriver
remote stacktrace: 	GetHandleVerifier [0x00007FF63126B095+29557]
	(No symbol) [0x00007FF6311DFA50]
	(No symbol) [0x00007FF63109B56A]
	(No symbol) [0x00007FF6310DDDF7]
	(No symbol) [0x00007FF6310DCE8B]
	(No symbol) [0x00007FF6310D79AE]
	(No symbol) [0x00007FF6310D251E]
	(No symbol) [0x00007FF631122F90]
	(No symbol) [0x00007FF631122620]
	(No symbol) [0x00007FF631116F33]
	(No symbol) [0x00007FF6310E116F]
	(No symbol) [0x00007FF6310E22D1]
	GetHandleVerifier [0x00007FF63159C96D+3378253]
	GetHandleVerifier [0x00007FF6315E8497+3688311]
	GetHandleVerifier [0x00007FF6315DD1CB+3642539]
	GetHandleVerifier [0x00007FF63132A6B6+813462]
	(No symbol) [0x00007FF6311EAB5F]
	(No symbol) [0x00007FF6311E6B74]
	(No symbol) [0x00007FF6311E6D10]
	(No symbol) [0x00007FF6311D5C1F]
	BaseThreadInitThunk [0x00007FF964EA257D+29]
	RtlUserThreadStart [0x00007FF96666AA58+40]

	at java.base/jdk.internal.reflect.NativeConstructorAccessorImpl.newInstance0(Native Method)
	at java.base/jdk.internal.reflect.NativeConstructorAccessorImpl.newInstance(NativeConstructorAccessorImpl.java:77)
	at java.base/jdk.internal.reflect.DelegatingConstructorAccessorImpl.newInstance(DelegatingConstructorAccessorImpl.java:45)
	at java.base/java.lang.reflect.Constructor.newInstanceWithCaller(Constructor.java:499)
	at java.base/java.lang.reflect.Constructor.newInstance(Constructor.java:480)
	at org.openqa.selenium.remote.W3CHandshakeResponse.lambda$errorHandler$0(W3CHandshakeResponse.java:62)
	at org.openqa.selenium.remote.HandshakeResponse.lambda$getResponseFunction$0(HandshakeResponse.java:30)
	at org.openqa.selenium.remote.ProtocolHandshake.lambda$createSession$0(ProtocolHandshake.java:126)
	at java.base/java.util.stream.ReferencePipeline$3$1.accept(ReferencePipeline.java:197)
	at java.base/java.util.Spliterators$ArraySpliterator.tryAdvance(Spliterators.java:1002)
	at java.base/java.util.stream.ReferencePipeline.forEachWithCancel(ReferencePipeline.java:129)
	at java.base/java.util.stream.AbstractPipeline.copyIntoWithCancel(AbstractPipeline.java:527)
	at java.base/java.util.stream.AbstractPipeline.copyInto(AbstractPipeline.java:513)
	at java.base/java.util.stream.AbstractPipeline.wrapAndCopyInto(AbstractPipeline.java:499)
	at java.base/java.util.stream.FindOps$FindOp.evaluateSequential(FindOps.java:150)
	at java.base/java.util.stream.AbstractPipeline.evaluate(AbstractPipeline.java:234)
	at java.base/java.util.stream.ReferencePipeline.findFirst(ReferencePipeline.java:647)
	at org.openqa.selenium.remote.ProtocolHandshake.createSession(ProtocolHandshake.java:128)
	at org.openqa.selenium.remote.ProtocolHandshake.createSession(ProtocolHandshake.java:74)
	at org.openqa.selenium.remote.HttpCommandExecutor.execute(HttpCommandExecutor.java:136)
	at org.openqa.selenium.remote.service.DriverCommandExecutor.execute(DriverCommandExecutor.java:83)
	at org.openqa.selenium.remote.RemoteWebDriver.execute(RemoteWebDriver.java:552)
	at org.openqa.selenium.remote.RemoteWebDriver.startSession(RemoteWebDriver.java:213)
	at org.openqa.selenium.remote.RemoteWebDriver.<init>(RemoteWebDriver.java:131)
	at org.openqa.selenium.chrome.ChromeDriver.<init>(ChromeDriver.java:181)
	at org.openqa.selenium.chrome.ChromeDriver.<init>(ChromeDriver.java:168)
	at org.openqa.selenium.chrome.ChromeDriver.<init>(ChromeDriver.java:123)
	at com.WNS_Project.Base.BaseClass.setup(BaseClass.java:57)
	at java.base/jdk.internal.reflect.NativeMethodAccessorImpl.invoke0(Native Method)
	at java.base/jdk.internal.reflect.NativeMethodAccessorImpl.invoke(NativeMethodAccessorImpl.java:77)
	at java.base/jdk.internal.reflect.DelegatingMethodAccessorImpl.invoke(DelegatingMethodAccessorImpl.java:43)
	at java.base/java.lang.reflect.Method.invoke(Method.java:568)
	at org.testng.internal.MethodInvocationHelper.invokeMethod(MethodInvocationHelper.java:108)
	at org.testng.internal.Invoker.invokeConfigurationMethod(Invoker.java:523)
	at org.testng.internal.Invoker.invokeConfigurations(Invoker.java:224)
	at org.testng.internal.Invoker.invokeConfigurations(Invoker.java:146)
	at org.testng.internal.TestMethodWorker.invokeBeforeClassMethods(TestMethodWorker.java:166)
	at org.testng.internal.TestMethodWorker.run(TestMethodWorker.java:105)
	at org.testng.TestRunner.privateRun(TestRunner.java:744)
	at org.testng.TestRunner.run(TestRunner.java:602)
	at org.testng.SuiteRunner.runTest(SuiteRunner.java:380)
	at org.testng.SuiteRunner.runSequentially(SuiteRunner.java:375)
	at org.testng.SuiteRunner.privateRun(SuiteRunner.java:340)
	at org.testng.SuiteRunner.run(SuiteRunner.java:289)
	at org.testng.SuiteRunnerWorker.runSuite(SuiteRunnerWorker.java:52)
	at org.testng.SuiteRunnerWorker.run(SuiteRunnerWorker.java:86)
	at org.testng.TestNG.runSuitesSequentially(TestNG.java:1301)
	at org.testng.TestNG.runSuitesLocally(TestNG.java:1226)
	at org.testng.TestNG.runSuites(TestNG.java:1144)
	at org.testng.TestNG.run(TestNG.java:1115)
	at org.testng.remote.AbstractRemoteTestNG.run(AbstractRemoteTestNG.java:115)
	at org.testng.remote.RemoteTestNG.initAndRun(RemoteTestNG.java:251)
	at org.testng.remote.RemoteTestNG.main(RemoteTestNG.java:77)
]]>
    </error>
  </testcase> <!-- setup -->
</testsuite> <!-- com.WNS_Project.testCases.TC_07_Solutionwhitelist -->
